<?xml version="1.0" encoding="UTF-8"?>
<!-- Generated by org.testng.reporters.JUnitReportReporter -->
<testsuite hostname="DST47190" name="morethreads.morethreadtest" tests="1" failures="0" timestamp="4 Mar 2013 09:03:25 GMT" time="16.658" errors="0">
  <testcase name="chrometest" time="16.658" classname="morethreads.morethreadtest"/>
</testsuite> <!-- morethreads.morethreadtest -->
