<?xml version="1.0" encoding="UTF-8"?>
<!-- Generated by org.testng.reporters.JUnitReportReporter -->
<testsuite hostname="DST47190" name="morethreads.FltSuite" tests="1" failures="0" timestamp="20 Aug 2013 09:26:41 GMT" time="57.149" errors="0">
  <testcase name="fltTestForFireFox" time="57.149" classname="morethreads.FltSuite"/>
</testsuite> <!-- morethreads.FltSuite -->
